<?xml version="1.0" encoding="UTF-8"?>
<!-- Generated by org.testng.reporters.JUnitReportReporter -->
<testsuite skipped="0" hostname="Samiths-Air.fritz.box" name="payroll.testclasess.LoginTest" tests="1" failures="0" timestamp="2020-11-21T20:53:05 NZDT" time="11.005" errors="0">
  <testcase name="logTotheSystem" time="11.005" classname="payroll.testclasess.LoginTest"/>
  <system-out/>
</testsuite> <!-- payroll.testclasess.LoginTest -->
