<?xml version="1.0" encoding="UTF-8"?>
<!-- Generated by org.testng.reporters.JUnitReportReporter -->
<testsuite skipped="0" hostname="Samiths-Air.fritz.box" name="payroll.testclasess.LoginTest" tests="2" failures="0" timestamp="2020-11-21T21:10:37 NZDT" time="28.642" errors="0">
  <testcase name="logTotheSystem" time="19.894" classname="payroll.testclasess.LoginTest"/>
  <system-out/>
  <testcase name="logTotheSystem" time="8.748" classname="payroll.testclasess.LoginTest"/>
  <system-out/>
</testsuite> <!-- payroll.testclasess.LoginTest -->
